<?xml version="1.0" encoding="UTF-8"?>
<!-- Generated by org.testng.reporters.JUnitReportReporter -->
<testsuite hostname="DESKTOP-PA87C39" failures="0" tests="1" name="qa.Tests.InvalidLoginTest" time="15.356" errors="0" timestamp="2024-02-21T19:22:41 IST" skipped="0">
  <testcase classname="qa.Tests.InvalidLoginTest" name="InvalidLogintest" time="15.356"/>
  <system-out/>
</testsuite> <!-- qa.Tests.InvalidLoginTest -->
