<?xml version="1.0" encoding="UTF-8"?>
<!-- Generated by org.testng.reporters.JUnitReportReporter -->
<testsuite hostname="DESKTOP-PA87C39" failures="0" tests="1" name="qa.Tests.CalendarRequest" time="52.397" errors="0" timestamp="2024-02-28T01:36:33 IST" skipped="0">
  <testcase classname="qa.Tests.CalendarRequest" name="CreateRequest" time="52.397"/>
  <system-out/>
</testsuite> <!-- qa.Tests.CalendarRequest -->
